2022-03-15 17:40:02.777 +05:30 [INF] Now listening on: https://localhost:5001
2022-03-15 17:40:02.797 +05:30 [INF] Now listening on: http://localhost:5000
2022-03-15 17:40:02.800 +05:30 [INF] Application started. Press Ctrl+C to shut down.
2022-03-15 17:40:02.804 +05:30 [INF] Hosting environment: Development
2022-03-15 17:40:02.805 +05:30 [INF] Content root path: C:\Personal\Study\learning\serilog-demo-app\myapi
2022-03-15 17:40:25.508 +05:30 [INF] Request starting HTTP/2 GET https://localhost:5001/WeatherForecast - -
2022-03-15 17:40:25.558 +05:30 [INF] Executing endpoint 'myapi.Controllers.WeatherForecastController.Get (myapi)'
2022-03-15 17:40:25.580 +05:30 [INF] Route matched with {action = "Get", controller = "WeatherForecast"}. Executing controller action with signature System.Collections.Generic.IEnumerable`1[myapi.WeatherForecast] Get() on controller myapi.Controllers.WeatherForecastController (myapi).
2022-03-15 17:40:25.587 +05:30 [INF] This is Get Method of Weather Forecast. Freezing
2022-03-15 17:40:25.605 +05:30 [INF] Executing ObjectResult, writing value of type 'myapi.WeatherForecast[]'.
2022-03-15 17:40:25.654 +05:30 [INF] Executed action myapi.Controllers.WeatherForecastController.Get (myapi) in 63.1205ms
2022-03-15 17:40:25.662 +05:30 [INF] Executed endpoint 'myapi.Controllers.WeatherForecastController.Get (myapi)'
2022-03-15 17:40:25.666 +05:30 [INF] Request finished HTTP/2 GET https://localhost:5001/WeatherForecast - - - 200 - application/json;+charset=utf-8 160.2061ms
2022-03-15 17:47:40.025 +05:30 [INF] Application is shutting down...
2022-03-15 17:47:47.772 +05:30 [INF] Now listening on: https://localhost:5001
2022-03-15 17:47:47.801 +05:30 [INF] Now listening on: http://localhost:5000
2022-03-15 17:47:47.803 +05:30 [INF] Application started. Press Ctrl+C to shut down.
2022-03-15 17:47:47.822 +05:30 [INF] Hosting environment: Development
2022-03-15 17:47:47.826 +05:30 [INF] Content root path: C:\Personal\Study\learning\serilog-demo-app\myapi
2022-03-15 17:47:50.556 +05:30 [INF] Request starting HTTP/2 GET https://localhost:5001/WeatherForecast - -
2022-03-15 17:47:50.611 +05:30 [INF] Executing endpoint 'myapi.Controllers.WeatherForecastController.Get (myapi)'
2022-03-15 17:47:50.632 +05:30 [INF] Route matched with {action = "Get", controller = "WeatherForecast"}. Executing controller action with signature System.Collections.Generic.IEnumerable`1[myapi.WeatherForecast] Get() on controller myapi.Controllers.WeatherForecastController (myapi).
2022-03-15 17:47:50.638 +05:30 [INF] This is Get Method of Weather Forecast. Freezing
2022-03-15 17:47:50.660 +05:30 [INF] Executing ObjectResult, writing value of type 'myapi.WeatherForecast[]'.
2022-03-15 17:47:50.710 +05:30 [INF] Executed action myapi.Controllers.WeatherForecastController.Get (myapi) in 66.7666ms
2022-03-15 17:47:50.717 +05:30 [INF] Executed endpoint 'myapi.Controllers.WeatherForecastController.Get (myapi)'
2022-03-15 17:47:50.723 +05:30 [INF] Request finished HTTP/2 GET https://localhost:5001/WeatherForecast - - - 200 - application/json;+charset=utf-8 168.9945ms
2022-03-15 17:47:59.333 +05:30 [INF] Request starting HTTP/2 GET https://localhost:5001/devide - -
2022-03-15 17:47:59.339 +05:30 [INF] Executing endpoint 'myapi.Controllers.WeatherForecastController.Divide (myapi)'
2022-03-15 17:47:59.351 +05:30 [INF] Route matched with {action = "Divide", controller = "WeatherForecast"}. Executing controller action with signature Int32 Divide() on controller myapi.Controllers.WeatherForecastController (myapi).
2022-03-15 17:47:59.357 +05:30 [INF] Executed action myapi.Controllers.WeatherForecastController.Divide (myapi) in 1.3019ms
2022-03-15 17:47:59.383 +05:30 [INF] Executed endpoint 'myapi.Controllers.WeatherForecastController.Divide (myapi)'
2022-03-15 17:47:59.392 +05:30 [ERR] An unhandled exception has occurred while executing the request.
System.DivideByZeroException: Attempted to divide by zero.
   at myapi.Controllers.WeatherForecastController.Divide() in C:\Personal\Study\learning\serilog-demo-app\myapi\Controllers\WeatherForecastController.cs:line 46
   at lambda_method4(Closure , Object , Object[] )
   at Microsoft.AspNetCore.Mvc.Infrastructure.ActionMethodExecutor.SyncObjectResultExecutor.Execute(IActionResultTypeMapper mapper, ObjectMethodExecutor executor, Object controller, Object[] arguments)
   at Microsoft.AspNetCore.Mvc.Infrastructure.ControllerActionInvoker.InvokeActionMethodAsync()
   at Microsoft.AspNetCore.Mvc.Infrastructure.ControllerActionInvoker.Next(State& next, Scope& scope, Object& state, Boolean& isCompleted)
   at Microsoft.AspNetCore.Mvc.Infrastructure.ControllerActionInvoker.InvokeNextActionFilterAsync()
--- End of stack trace from previous location ---
   at Microsoft.AspNetCore.Mvc.Infrastructure.ControllerActionInvoker.Rethrow(ActionExecutedContextSealed context)
   at Microsoft.AspNetCore.Mvc.Infrastructure.ControllerActionInvoker.Next(State& next, Scope& scope, Object& state, Boolean& isCompleted)
   at Microsoft.AspNetCore.Mvc.Infrastructure.ControllerActionInvoker.InvokeInnerFilterAsync()
--- End of stack trace from previous location ---
   at Microsoft.AspNetCore.Mvc.Infrastructure.ResourceInvoker.<InvokeFilterPipelineAsync>g__Awaited|19_0(ResourceInvoker invoker, Task lastTask, State next, Scope scope, Object state, Boolean isCompleted)
   at Microsoft.AspNetCore.Mvc.Infrastructure.ResourceInvoker.<InvokeAsync>g__Logged|17_1(ResourceInvoker invoker)
   at Microsoft.AspNetCore.Routing.EndpointMiddleware.<Invoke>g__AwaitRequestTask|6_0(Endpoint endpoint, Task requestTask, ILogger logger)
   at Microsoft.AspNetCore.Authorization.AuthorizationMiddleware.Invoke(HttpContext context)
   at Swashbuckle.AspNetCore.SwaggerUI.SwaggerUIMiddleware.Invoke(HttpContext httpContext)
   at Swashbuckle.AspNetCore.Swagger.SwaggerMiddleware.Invoke(HttpContext httpContext, ISwaggerProvider swaggerProvider)
   at Microsoft.AspNetCore.Diagnostics.DeveloperExceptionPageMiddleware.Invoke(HttpContext context)
2022-03-15 17:47:59.581 +05:30 [INF] Request finished HTTP/2 GET https://localhost:5001/devide - - - 500 - text/html;+charset=utf-8 248.6239ms
2022-03-15 17:51:03.526 +05:30 [INF] Application is shutting down...
{"Timestamp":"2022-03-15T17:51:51.6404670+05:30","Level":"Information","MessageTemplate":"Now listening on: {address}","Properties":{"address":"https://localhost:5001","SourceContext":"Microsoft.Hosting.Lifetime"}}
{"Timestamp":"2022-03-15T17:51:51.6584814+05:30","Level":"Information","MessageTemplate":"Now listening on: {address}","Properties":{"address":"http://localhost:5000","SourceContext":"Microsoft.Hosting.Lifetime"}}
{"Timestamp":"2022-03-15T17:51:51.6599894+05:30","Level":"Information","MessageTemplate":"Application started. Press Ctrl+C to shut down.","Properties":{"SourceContext":"Microsoft.Hosting.Lifetime"}}
{"Timestamp":"2022-03-15T17:51:51.6618222+05:30","Level":"Information","MessageTemplate":"Hosting environment: {envName}","Properties":{"envName":"Development","SourceContext":"Microsoft.Hosting.Lifetime"}}
{"Timestamp":"2022-03-15T17:51:51.6631633+05:30","Level":"Information","MessageTemplate":"Content root path: {contentRoot}","Properties":{"contentRoot":"C:\\Personal\\Study\\learning\\serilog-demo-app\\myapi","SourceContext":"Microsoft.Hosting.Lifetime"}}
{"Timestamp":"2022-03-15T17:51:57.1119292+05:30","Level":"Information","MessageTemplate":"{HostingRequestStartingLog:l}","Properties":{"Protocol":"HTTP/2","Method":"GET","ContentType":null,"ContentLength":null,"Scheme":"https","Host":"localhost:5001","PathBase":"","Path":"/devide","QueryString":"","HostingRequestStartingLog":"Request starting HTTP/2 GET https://localhost:5001/devide - -","EventId":{"Id":1,"Name":"RequestStarting"},"SourceContext":"Microsoft.AspNetCore.Hosting.Diagnostics","RequestId":"0HMG6FPISVTFV:00000001","RequestPath":"/devide","ConnectionId":"0HMG6FPISVTFV"},"Renderings":{"HostingRequestStartingLog":[{"Format":"l","Rendering":"Request starting HTTP/2 GET https://localhost:5001/devide - -"}]}}
{"Timestamp":"2022-03-15T17:51:57.1730945+05:30","Level":"Information","MessageTemplate":"Executing endpoint '{EndpointName}'","Properties":{"EndpointName":"myapi.Controllers.WeatherForecastController.Divide (myapi)","EventId":{"Name":"ExecutingEndpoint"},"SourceContext":"Microsoft.AspNetCore.Routing.EndpointMiddleware","RequestId":"0HMG6FPISVTFV:00000001","RequestPath":"/devide","ConnectionId":"0HMG6FPISVTFV"}}
{"Timestamp":"2022-03-15T17:51:57.1927374+05:30","Level":"Information","MessageTemplate":"Route matched with {RouteData}. Executing controller action with signature {MethodInfo} on controller {Controller} ({AssemblyName}).","Properties":{"RouteData":"{action = \"Divide\", controller = \"WeatherForecast\"}","MethodInfo":"Int32 Divide()","Controller":"myapi.Controllers.WeatherForecastController","AssemblyName":"myapi","EventId":{"Id":3,"Name":"ControllerActionExecuting"},"SourceContext":"Microsoft.AspNetCore.Mvc.Infrastructure.ControllerActionInvoker","ActionId":"de7b48f0-e0a1-41e2-8143-98be98575bf2","ActionName":"myapi.Controllers.WeatherForecastController.Divide (myapi)","RequestId":"0HMG6FPISVTFV:00000001","RequestPath":"/devide","ConnectionId":"0HMG6FPISVTFV"}}
{"Timestamp":"2022-03-15T17:51:57.2036041+05:30","Level":"Information","MessageTemplate":"Executed action {ActionName} in {ElapsedMilliseconds}ms","Properties":{"ActionName":"myapi.Controllers.WeatherForecastController.Divide (myapi)","ElapsedMilliseconds":1.8897,"EventId":{"Id":2,"Name":"ActionExecuted"},"SourceContext":"Microsoft.AspNetCore.Mvc.Infrastructure.ControllerActionInvoker","ActionId":"de7b48f0-e0a1-41e2-8143-98be98575bf2","RequestId":"0HMG6FPISVTFV:00000001","RequestPath":"/devide","ConnectionId":"0HMG6FPISVTFV"}}
{"Timestamp":"2022-03-15T17:51:57.2186381+05:30","Level":"Information","MessageTemplate":"Executed endpoint '{EndpointName}'","Properties":{"EndpointName":"myapi.Controllers.WeatherForecastController.Divide (myapi)","EventId":{"Id":1,"Name":"ExecutedEndpoint"},"SourceContext":"Microsoft.AspNetCore.Routing.EndpointMiddleware","RequestId":"0HMG6FPISVTFV:00000001","RequestPath":"/devide","ConnectionId":"0HMG6FPISVTFV"}}
{"Timestamp":"2022-03-15T17:51:57.2309051+05:30","Level":"Error","MessageTemplate":"An unhandled exception has occurred while executing the request.","Exception":"System.DivideByZeroException: Attempted to divide by zero.\r\n   at myapi.Controllers.WeatherForecastController.Divide() in C:\\Personal\\Study\\learning\\serilog-demo-app\\myapi\\Controllers\\WeatherForecastController.cs:line 46\r\n   at lambda_method2(Closure , Object , Object[] )\r\n   at Microsoft.AspNetCore.Mvc.Infrastructure.ActionMethodExecutor.SyncObjectResultExecutor.Execute(IActionResultTypeMapper mapper, ObjectMethodExecutor executor, Object controller, Object[] arguments)\r\n   at Microsoft.AspNetCore.Mvc.Infrastructure.ControllerActionInvoker.InvokeActionMethodAsync()\r\n   at Microsoft.AspNetCore.Mvc.Infrastructure.ControllerActionInvoker.Next(State& next, Scope& scope, Object& state, Boolean& isCompleted)\r\n   at Microsoft.AspNetCore.Mvc.Infrastructure.ControllerActionInvoker.InvokeNextActionFilterAsync()\r\n--- End of stack trace from previous location ---\r\n   at Microsoft.AspNetCore.Mvc.Infrastructure.ControllerActionInvoker.Rethrow(ActionExecutedContextSealed context)\r\n   at Microsoft.AspNetCore.Mvc.Infrastructure.ControllerActionInvoker.Next(State& next, Scope& scope, Object& state, Boolean& isCompleted)\r\n   at Microsoft.AspNetCore.Mvc.Infrastructure.ControllerActionInvoker.InvokeInnerFilterAsync()\r\n--- End of stack trace from previous location ---\r\n   at Microsoft.AspNetCore.Mvc.Infrastructure.ResourceInvoker.<InvokeFilterPipelineAsync>g__Awaited|19_0(ResourceInvoker invoker, Task lastTask, State next, Scope scope, Object state, Boolean isCompleted)\r\n   at Microsoft.AspNetCore.Mvc.Infrastructure.ResourceInvoker.<InvokeAsync>g__Logged|17_1(ResourceInvoker invoker)\r\n   at Microsoft.AspNetCore.Routing.EndpointMiddleware.<Invoke>g__AwaitRequestTask|6_0(Endpoint endpoint, Task requestTask, ILogger logger)\r\n   at Microsoft.AspNetCore.Authorization.AuthorizationMiddleware.Invoke(HttpContext context)\r\n   at Swashbuckle.AspNetCore.SwaggerUI.SwaggerUIMiddleware.Invoke(HttpContext httpContext)\r\n   at Swashbuckle.AspNetCore.Swagger.SwaggerMiddleware.Invoke(HttpContext httpContext, ISwaggerProvider swaggerProvider)\r\n   at Microsoft.AspNetCore.Diagnostics.DeveloperExceptionPageMiddleware.Invoke(HttpContext context)","Properties":{"EventId":{"Id":1,"Name":"UnhandledException"},"SourceContext":"Microsoft.AspNetCore.Diagnostics.DeveloperExceptionPageMiddleware","RequestId":"0HMG6FPISVTFV:00000001","RequestPath":"/devide","ConnectionId":"0HMG6FPISVTFV"}}
{"Timestamp":"2022-03-15T17:51:57.4535099+05:30","Level":"Information","MessageTemplate":"{HostingRequestFinishedLog:l}","Properties":{"ElapsedMilliseconds":341.9906,"StatusCode":500,"ContentType":"text/html; charset=utf-8","ContentLength":null,"Protocol":"HTTP/2","Method":"GET","Scheme":"https","Host":"localhost:5001","PathBase":"","Path":"/devide","QueryString":"","HostingRequestFinishedLog":"Request finished HTTP/2 GET https://localhost:5001/devide - - - 500 - text/html;+charset=utf-8 341.9906ms","EventId":{"Id":2,"Name":"RequestFinished"},"SourceContext":"Microsoft.AspNetCore.Hosting.Diagnostics","RequestId":"0HMG6FPISVTFV:00000001","RequestPath":"/devide","ConnectionId":"0HMG6FPISVTFV"},"Renderings":{"HostingRequestFinishedLog":[{"Format":"l","Rendering":"Request finished HTTP/2 GET https://localhost:5001/devide - - - 500 - text/html;+charset=utf-8 341.9906ms"}]}}
